[10:43:10] [Client thread/INFO]: Setting user: Player138
[10:43:15] [Client thread/INFO]: LWJGL Version: 2.9.4
[10:43:26] [Client thread/INFO]: Reloading ResourceManager: Default, FMLFileResourcePack:Forge Mod Loader, FMLFileResourcePack:Minecraft Forge, FMLFileResourcePack:demjr
[10:43:38] [Sound Library Loader/INFO]: Starting up SoundSystem...
[10:43:38] [Thread-8/INFO]: Initializing LWJGL OpenAL
[10:43:38] [Thread-8/INFO]: (The LWJGL binding of OpenAL.  For more information, see http://www.lwjgl.org)
[10:43:39] [Thread-8/INFO]: OpenAL initialized.
[10:43:39] [Sound Library Loader/INFO]: Sound engine started
[10:43:52] [Client thread/INFO]: Created: 16x16 textures-atlas
[10:43:57] [Client thread/INFO]: Reloading ResourceManager: Default, FMLFileResourcePack:Forge Mod Loader, FMLFileResourcePack:Minecraft Forge, FMLFileResourcePack:demjr
[10:44:08] [Client thread/INFO]: SoundSystem shutting down...
[10:44:08] [Client thread/WARN]: Author: Paul Lamb, www.paulscode.com
[10:44:08] [Sound Library Loader/INFO]: Starting up SoundSystem...
[10:44:09] [Thread-10/INFO]: Initializing LWJGL OpenAL
[10:44:09] [Thread-10/INFO]: (The LWJGL binding of OpenAL.  For more information, see http://www.lwjgl.org)
[10:44:09] [Thread-10/INFO]: OpenAL initialized.
[10:44:09] [Sound Library Loader/INFO]: Sound engine started
[10:44:26] [Client thread/INFO]: Created: 1024x512 textures-atlas
[10:44:33] [Realms Notification Availability checker #1/INFO]: Could not authorize you against Realms server: Invalid session id
[10:45:11] [Server thread/INFO]: Starting integrated minecraft server version 1.9.4
[10:45:11] [Server thread/INFO]: Generating keypair
[10:45:13] [Server thread/INFO]: Preparing start region for level 0
[10:45:14] [Server thread/INFO]: Preparing spawn area: 1%
[10:45:15] [Server thread/INFO]: Preparing spawn area: 50%
[10:45:16] [Server thread/INFO]: Preparing spawn area: 84%
[10:45:17] [Server thread/INFO]: Changing view distance to 12, from 10
[10:45:21] [Server thread/INFO]: Player138[local:E:d3481e71] logged in with entity id 231 at (-213.90412882521716, 88.0, 222.0842509270941)
[10:45:21] [Server thread/INFO]: Player138 joined the game
[10:45:24] [Server thread/INFO]: Saving and pausing game...
[10:45:24] [Server thread/INFO]: Saving chunks for level 'TestWorld'/Overworld
[10:45:25] [Server thread/INFO]: Saving chunks for level 'TestWorld'/Nether
[10:45:25] [Server thread/INFO]: Saving chunks for level 'TestWorld'/The End
[10:45:25] [Server thread/WARN]: Can't keep up! Did the system time change, or is the server overloaded? Running 4480ms behind, skipping 89 tick(s)
[10:45:28] [pool-2-thread-1/WARN]: Couldn't look up profile properties for com.mojang.authlib.GameProfile@1b9b15fa[id=9a3e00a5-5f02-3e54-a9f0-2e9c904f0bd5,name=Player138,properties={},legacy=false]
com.mojang.authlib.exceptions.AuthenticationException: The client has sent too many requests within a certain amount of time
	at com.mojang.authlib.yggdrasil.YggdrasilAuthenticationService.makeRequest(YggdrasilAuthenticationService.java:65) ~[YggdrasilAuthenticationService.class:?]
	at com.mojang.authlib.yggdrasil.YggdrasilMinecraftSessionService.fillGameProfile(YggdrasilMinecraftSessionService.java:175) [YggdrasilMinecraftSessionService.class:?]
	at com.mojang.authlib.yggdrasil.YggdrasilMinecraftSessionService$1.load(YggdrasilMinecraftSessionService.java:59) [YggdrasilMinecraftSessionService$1.class:?]
	at com.mojang.authlib.yggdrasil.YggdrasilMinecraftSessionService$1.load(YggdrasilMinecraftSessionService.java:56) [YggdrasilMinecraftSessionService$1.class:?]
	at com.google.common.cache.LocalCache$LoadingValueReference.loadFuture(LocalCache.java:3524) [guava-17.0.jar:?]
	at com.google.common.cache.LocalCache$Segment.loadSync(LocalCache.java:2317) [guava-17.0.jar:?]
	at com.google.common.cache.LocalCache$Segment.lockedGetOrLoad(LocalCache.java:2280) [guava-17.0.jar:?]
	at com.google.common.cache.LocalCache$Segment.get(LocalCache.java:2195) [guava-17.0.jar:?]
	at com.google.common.cache.LocalCache.get(LocalCache.java:3934) [guava-17.0.jar:?]
	at com.google.common.cache.LocalCache.getOrLoad(LocalCache.java:3938) [guava-17.0.jar:?]
	at com.google.common.cache.LocalCache$LocalLoadingCache.get(LocalCache.java:4821) [guava-17.0.jar:?]
	at com.google.common.cache.LocalCache$LocalLoadingCache.getUnchecked(LocalCache.java:4827) [guava-17.0.jar:?]
	at com.mojang.authlib.yggdrasil.YggdrasilMinecraftSessionService.fillProfileProperties(YggdrasilMinecraftSessionService.java:165) [YggdrasilMinecraftSessionService.class:?]
	at net.minecraft.client.Minecraft.getProfileProperties(Minecraft.java:3043) [Minecraft.class:?]
	at net.minecraft.client.resources.SkinManager$3.run(SkinManager.java:131) [SkinManager$3.class:?]
	at java.util.concurrent.Executors$RunnableAdapter.call(Executors.java:511) [?:1.8.0_111]
	at java.util.concurrent.FutureTask.run(FutureTask.java:266) [?:1.8.0_111]
	at java.util.concurrent.ThreadPoolExecutor.runWorker(ThreadPoolExecutor.java:1142) [?:1.8.0_111]
	at java.util.concurrent.ThreadPoolExecutor$Worker.run(ThreadPoolExecutor.java:617) [?:1.8.0_111]
	at java.lang.Thread.run(Thread.java:745) [?:1.8.0_111]
[10:45:40] [Server thread/WARN]: Can't keep up! Did the system time change, or is the server overloaded? Running 3786ms behind, skipping 75 tick(s)
[10:45:56] [Server thread/WARN]: Can't keep up! Did the system time change, or is the server overloaded? Running 2791ms behind, skipping 55 tick(s)
[10:46:14] [Server thread/WARN]: Can't keep up! Did the system time change, or is the server overloaded? Running 2675ms behind, skipping 53 tick(s)
[10:46:32] [Server thread/WARN]: Can't keep up! Did the system time change, or is the server overloaded? Running 5503ms behind, skipping 110 tick(s)
[10:46:35] [Server thread/INFO]: Saving and pausing game...
[10:46:35] [Server thread/INFO]: Saving chunks for level 'TestWorld'/Overworld
[10:46:36] [Server thread/INFO]: Saving chunks for level 'TestWorld'/Nether
[10:46:36] [Server thread/INFO]: Saving chunks for level 'TestWorld'/The End
[10:46:37] [Server thread/INFO]: Stopping server
[10:46:37] [Server thread/INFO]: Saving players
[10:46:37] [Server thread/INFO]: Saving worlds
[10:46:37] [Server thread/INFO]: Saving chunks for level 'TestWorld'/Overworld
[10:46:37] [Server thread/INFO]: Saving chunks for level 'TestWorld'/Nether
[10:46:37] [Server thread/INFO]: Saving chunks for level 'TestWorld'/The End
[10:46:42] [Client thread/INFO]: Stopping!
[10:46:42] [Client thread/INFO]: SoundSystem shutting down...
[10:46:42] [Client thread/WARN]: Author: Paul Lamb, www.paulscode.com
